AndroidStudioProjects/Login/app/build/intermediates/manifest_merge_blame_file/debug/manifest-merger-blame-debug-report.txt
1<?xml version="1.0" encoding="utf-8"?>
2<manifest xmlns:android="http://schemas.android.com/apk/res/android"
3    package="com.example.Login"
4    android:versionCode="1"
5    android:versionName="2.5" >
6
7    <uses-sdk
8        android:minSdkVersion="21"
8-->src\main\AndroidManifest.xml
9        android:targetSdkVersion="31" />
9-->src\main\AndroidManifest.xml
10
11    <uses-permission android:name="android.permission.INTERNET" />
11-->src\main\AndroidManifest.xml:6:5-67
11-->src\main\AndroidManifest.xml:6:22-64
12
13    <application
13-->src\main\AndroidManifest.xml:8:5-69:19
14        android:allowBackup="true"
14-->src\main\AndroidManifest.xml:9:9-35
15        android:appComponentFactory="androidx.core.app.CoreComponentFactory"
15-->[androidx.core:core:1.5.0] AndroidManifest.xml:24:18-86
16        android:debuggable="true"
17        android:icon="@mipmap/ic_launcher"
17-->src\main\AndroidManifest.xml:10:9-43
18        android:label="Supernac"
18-->src\main\AndroidManifest.xml:11:9-33
19        android:roundIcon="@mipmap/ic_launcher"
19-->src\main\AndroidManifest.xml:12:9-48
20        android:supportsRtl="true"
20-->src\main\AndroidManifest.xml:13:9-35
21        android:testOnly="true"
22        android:theme="@style/Theme.Login" >
22-->src\main\AndroidManifest.xml:14:9-43
23        <activity
23-->src\main\AndroidManifest.xml:16:9-18:40
24            android:name="com.example.login.Padaria"
24-->src\main\AndroidManifest.xml:17:13-36
25            android:exported="false" />
25-->src\main\AndroidManifest.xml:18:13-37
26        <activity
26-->src\main\AndroidManifest.xml:19:9-21:40
27            android:name="com.example.login.Hortifruti"
27-->src\main\AndroidManifest.xml:20:13-39
28            android:exported="false" />
28-->src\main\AndroidManifest.xml:21:13-37
29        <activity
29-->src\main\AndroidManifest.xml:22:9-24:40
30            android:name="com.example.login.Perfil"
30-->src\main\AndroidManifest.xml:23:13-35
31            android:exported="false" />
31-->src\main\AndroidManifest.xml:24:13-37
32        <activity
32-->src\main\AndroidManifest.xml:25:9-27:40
33            android:name="com.example.login.bebidas"
33-->src\main\AndroidManifest.xml:26:13-36
34            android:exported="false" />
34-->src\main\AndroidManifest.xml:27:13-37
35        <activity
35-->src\main\AndroidManifest.xml:28:9-30:40
36            android:name="com.example.login.teste"
36-->src\main\AndroidManifest.xml:29:13-34
37            android:exported="false" />
37-->src\main\AndroidManifest.xml:30:13-37
38        <activity
38-->src\main\AndroidManifest.xml:31:9-33:40
39            android:name="com.example.login.Vendas_Online"
39-->src\main\AndroidManifest.xml:32:13-42
40            android:exported="false" />
40-->src\main\AndroidManifest.xml:33:13-37
41        <activity
41-->src\main\AndroidManifest.xml:34:9-38:15
42            android:name="com.example.login.casa"
42-->src\main\AndroidManifest.xml:35:13-33
43            android:exported="false"
43-->src\main\AndroidManifest.xml:37:13-37
44            android:theme="@style/Theme.AppCompat.DayNight.Dialog.Alert" />
44-->src\main\AndroidManifest.xml:36:13-73
45        <activity
45-->src\main\AndroidManifest.xml:39:9-41:40
46            android:name="com.example.login.alimentos"
46-->src\main\AndroidManifest.xml:40:13-38
47            android:exported="false" />
47-->src\main\AndroidManifest.xml:41:13-37
48        <activity
48-->src\main\AndroidManifest.xml:42:9-44:40
49            android:name="com.example.login.categoria"
49-->src\main\AndroidManifest.xml:43:13-38
50            android:exported="false" />
50-->src\main\AndroidManifest.xml:44:13-37
51        <activity
51-->src\main\AndroidManifest.xml:45:9-47:40
52            android:name="com.example.login.eletronicos_carrinho"
52-->src\main\AndroidManifest.xml:46:13-49
53            android:exported="false" />
53-->src\main\AndroidManifest.xml:47:13-37
54        <activity
54-->src\main\AndroidManifest.xml:48:9-50:40
55            android:name="com.example.login.finalizando_compras"
55-->src\main\AndroidManifest.xml:49:13-48
56            android:exported="false" />
56-->src\main\AndroidManifest.xml:50:13-37
57        <activity
57-->src\main\AndroidManifest.xml:51:9-53:40
58            android:name="com.example.login.CarrinhoJogosActivity"
58-->src\main\AndroidManifest.xml:52:13-50
59            android:exported="false" />
59-->src\main\AndroidManifest.xml:53:13-37
60        <activity
60-->src\main\AndroidManifest.xml:54:9-56:39
61            android:name="com.example.login.Informatica"
61-->src\main\AndroidManifest.xml:55:13-40
62            android:exported="true" />
62-->src\main\AndroidManifest.xml:56:13-36
63        <activity
63-->src\main\AndroidManifest.xml:57:9-59:39
64            android:name="com.example.login.MainActivity2"
64-->src\main\AndroidManifest.xml:58:13-42
65            android:exported="true" />
65-->src\main\AndroidManifest.xml:59:13-36
66        <activity
66-->src\main\AndroidManifest.xml:60:9-68:20
67            android:name="com.example.login.MainActivity"
67-->src\main\AndroidManifest.xml:61:13-41
68            android:exported="true" >
68-->src\main\AndroidManifest.xml:62:13-36
69            <intent-filter>
69-->src\main\AndroidManifest.xml:63:13-67:29
70                <action android:name="android.intent.action.MAIN" />
70-->src\main\AndroidManifest.xml:64:17-69
70-->src\main\AndroidManifest.xml:64:25-66
71
72                <category android:name="android.intent.category.LAUNCHER" />
72-->src\main\AndroidManifest.xml:66:17-77
72-->src\main\AndroidManifest.xml:66:27-74
73            </intent-filter>
74        </activity>
75    </application>
76
77</manifest>